This is pdfTeX, Version 3.14159265-2.6-1.40.18 (TeX Live 2017/Debian) (preloaded format=pdflatex 2019.1.9)  4 MAY 2019 02:19
entering extended mode
 restricted \write18 enabled.
 %&-line parsing enabled.
**hw2Report.tex
(./hw2Report.tex
LaTeX2e <2017-04-15>
Babel <3.18> and hyphenation patterns for 84 language(s) loaded.
(/usr/share/texlive/texmf-dist/tex/latex/base/article.cls
Document Class: article 2014/09/29 v1.4h Standard LaTeX document class
(/usr/share/texlive/texmf-dist/tex/latex/base/size12.clo
File: size12.clo 2014/09/29 v1.4h Standard LaTeX file (size option)
)
\c@part=\count79
\c@section=\count80
\c@subsection=\count81
\c@subsubsection=\count82
\c@paragraph=\count83
\c@subparagraph=\count84
\c@figure=\count85
\c@table=\count86
\abovecaptionskip=\skip41
\belowcaptionskip=\skip42
\bibindent=\dimen102
)
(/usr/share/texlive/texmf-dist/tex/latex/amsmath/amsgen.sty
File: amsgen.sty 1999/11/30 v2.0 generic functions
\@emptytoks=\toks14
\ex@=\dimen103
)
(/usr/share/texlive/texmf-dist/tex/latex/amsmath/amsmath.sty
Package: amsmath 2017/09/02 v2.17a AMS math features
\@mathmargin=\skip43

For additional information on amsmath, use the `?' option.
(/usr/share/texlive/texmf-dist/tex/latex/amsmath/amstext.sty
Package: amstext 2000/06/29 v2.01 AMS text
)
(/usr/share/texlive/texmf-dist/tex/latex/amsmath/amsbsy.sty
Package: amsbsy 1999/11/29 v1.2d Bold Symbols
\pmbraise@=\dimen104
)
(/usr/share/texlive/texmf-dist/tex/latex/amsmath/amsopn.sty
Package: amsopn 2016/03/08 v2.02 operator names
)
\inf@bad=\count87
LaTeX Info: Redefining \frac on input line 213.
\uproot@=\count88
\leftroot@=\count89
LaTeX Info: Redefining \overline on input line 375.
\classnum@=\count90
\DOTSCASE@=\count91
LaTeX Info: Redefining \ldots on input line 472.
LaTeX Info: Redefining \dots on input line 475.
LaTeX Info: Redefining \cdots on input line 596.
\Mathstrutbox@=\box26
\strutbox@=\box27
\big@size=\dimen105
LaTeX Font Info:    Redeclaring font encoding OML on input line 712.
LaTeX Font Info:    Redeclaring font encoding OMS on input line 713.
\macc@depth=\count92
\c@MaxMatrixCols=\count93
\dotsspace@=\muskip10
\c@parentequation=\count94
\dspbrk@lvl=\count95
\tag@help=\toks15
\row@=\count96
\column@=\count97
\maxfields@=\count98
\andhelp@=\toks16
\eqnshift@=\dimen106
\alignsep@=\dimen107
\tagshift@=\dimen108
\tagwidth@=\dimen109
\totwidth@=\dimen110
\lineht@=\dimen111
\@envbody=\toks17
\multlinegap=\skip44
\multlinetaggap=\skip45
\mathdisplay@stack=\toks18
LaTeX Info: Redefining \[ on input line 2817.
LaTeX Info: Redefining \] on input line 2818.
)
(/usr/share/texlive/texmf-dist/tex/latex/amsfonts/amssymb.sty
Package: amssymb 2013/01/14 v3.01 AMS font symbols

(/usr/share/texlive/texmf-dist/tex/latex/amsfonts/amsfonts.sty
Package: amsfonts 2013/01/14 v3.01 Basic AMSFonts support
\symAMSa=\mathgroup4
\symAMSb=\mathgroup5
LaTeX Font Info:    Overwriting math alphabet `\mathfrak' in version `bold'
(Font)                  U/euf/m/n --> U/euf/b/n on input line 106.
))
(/usr/share/texlive/texmf-dist/tex/latex/graphics/graphicx.sty
Package: graphicx 2017/06/01 v1.1a Enhanced LaTeX Graphics (DPC,SPQR)

(/usr/share/texlive/texmf-dist/tex/latex/graphics/keyval.sty
Package: keyval 2014/10/28 v1.15 key=value parser (DPC)
\KV@toks@=\toks19
)
(/usr/share/texlive/texmf-dist/tex/latex/graphics/graphics.sty
Package: graphics 2017/06/25 v1.2c Standard LaTeX Graphics (DPC,SPQR)

(/usr/share/texlive/texmf-dist/tex/latex/graphics/trig.sty
Package: trig 2016/01/03 v1.10 sin cos tan (DPC)
)
(/usr/share/texlive/texmf-dist/tex/latex/graphics-cfg/graphics.cfg
File: graphics.cfg 2016/06/04 v1.11 sample graphics configuration
)
Package graphics Info: Driver file: pdftex.def on input line 99.

(/usr/share/texlive/texmf-dist/tex/latex/graphics-def/pdftex.def
File: pdftex.def 2018/01/08 v1.0l Graphics/color driver for pdftex
))
\Gin@req@height=\dimen112
\Gin@req@width=\dimen113
)
(/usr/share/texlive/texmf-dist/tex/latex/graphics/color.sty
Package: color 2016/07/10 v1.1e Standard LaTeX Color (DPC)

(/usr/share/texlive/texmf-dist/tex/latex/graphics-cfg/color.cfg
File: color.cfg 2016/01/02 v1.6 sample color configuration
)
Package color Info: Driver file: pdftex.def on input line 147.
)
(/usr/share/texlive/texmf-dist/tex/latex/tools/bm.sty
Package: bm 2017/01/16 v1.2c Bold Symbol Support (DPC/FMi)
\symboldoperators=\mathgroup6
\symboldletters=\mathgroup7
\symboldsymbols=\mathgroup8
LaTeX Font Info:    Redeclaring math alphabet \mathbf on input line 141.
LaTeX Info: Redefining \bm on input line 207.
)
(/usr/share/texlive/texmf-dist/tex/latex/graphics/epsfig.sty
Package: epsfig 2017/06/25 v1.7b (e)psfig emulation (SPQR)
\epsfxsize=\dimen114
\epsfysize=\dimen115
)
(/usr/share/texlive/texmf-dist/tex/latex/tools/enumerate.sty
Package: enumerate 2015/07/23 v3.00 enumerate extensions (DPC)
\@enLab=\toks20
)
(/usr/share/texlive/texmf-dist/tex/latex/float/float.sty
Package: float 2001/11/08 v1.3d Float enhancements (AL)
\c@float@type=\count99
\float@exts=\toks21
\float@box=\box28
\@float@everytoks=\toks22
\@floatcapt=\box29
)
(/usr/share/texlive/texmf-dist/tex/latex/tools/multicol.sty
Package: multicol 2017/04/11 v1.8q multicolumn formatting (FMi)
\c@tracingmulticols=\count100
\mult@box=\box30
\multicol@leftmargin=\dimen116
\c@unbalance=\count101
\c@collectmore=\count102
\doublecol@number=\count103
\multicoltolerance=\count104
\multicolpretolerance=\count105
\full@width=\dimen117
\page@free=\dimen118
\premulticols=\dimen119
\postmulticols=\dimen120
\multicolsep=\skip46
\multicolbaselineskip=\skip47
\partial@page=\box31
\last@line=\box32
\maxbalancingoverflow=\dimen121
\mult@rightbox=\box33
\mult@grightbox=\box34
\mult@gfirstbox=\box35
\mult@firstbox=\box36
\@tempa=\box37
\@tempa=\box38
\@tempa=\box39
\@tempa=\box40
\@tempa=\box41
\@tempa=\box42
\@tempa=\box43
\@tempa=\box44
\@tempa=\box45
\@tempa=\box46
\@tempa=\box47
\@tempa=\box48
\@tempa=\box49
\@tempa=\box50
\@tempa=\box51
\@tempa=\box52
\@tempa=\box53
\c@columnbadness=\count106
\c@finalcolumnbadness=\count107
\last@try=\dimen122
\multicolovershoot=\dimen123
\multicolundershoot=\dimen124
\mult@nat@firstbox=\box54
\colbreak@box=\box55
\mc@col@check@num=\count108
)
(/usr/share/texlive/texmf-dist/tex/latex/tools/longtable.sty
Package: longtable 2014/10/28 v4.11 Multi-page Table package (DPC)
\LTleft=\skip48
\LTright=\skip49
\LTpre=\skip50
\LTpost=\skip51
\LTchunksize=\count109
\LTcapwidth=\dimen125
\LT@head=\box56
\LT@firsthead=\box57
\LT@foot=\box58
\LT@lastfoot=\box59
\LT@cols=\count110
\LT@rows=\count111
\c@LT@tables=\count112
\c@LT@chunks=\count113
\LT@p@ftn=\toks23
)
(/usr/share/texlive/texmf-dist/tex/latex/tools/verbatim.sty
Package: verbatim 2014/10/28 v1.5q LaTeX2e package for verbatim enhancements
\every@verbatim=\toks24
\verbatim@line=\toks25
\verbatim@in@stream=\read1
)
(/usr/share/texlive/texmf-dist/tex/latex/hyperref/hyperref.sty
Package: hyperref 2018/02/06 v6.86b Hypertext links for LaTeX

(/usr/share/texlive/texmf-dist/tex/generic/oberdiek/hobsub-hyperref.sty
Package: hobsub-hyperref 2016/05/16 v1.14 Bundle oberdiek, subset hyperref (HO)


(/usr/share/texlive/texmf-dist/tex/generic/oberdiek/hobsub-generic.sty
Package: hobsub-generic 2016/05/16 v1.14 Bundle oberdiek, subset generic (HO)
Package: hobsub 2016/05/16 v1.14 Construct package bundles (HO)
Package: infwarerr 2016/05/16 v1.4 Providing info/warning/error messages (HO)
Package: ltxcmds 2016/05/16 v1.23 LaTeX kernel commands for general use (HO)
Package: ifluatex 2016/05/16 v1.4 Provides the ifluatex switch (HO)
Package ifluatex Info: LuaTeX not detected.
Package: ifvtex 2016/05/16 v1.6 Detect VTeX and its facilities (HO)
Package ifvtex Info: VTeX not detected.
Package: intcalc 2016/05/16 v1.2 Expandable calculations with integers (HO)
Package: ifpdf 2017/03/15 v3.2 Provides the ifpdf switch
Package: etexcmds 2016/05/16 v1.6 Avoid name clashes with e-TeX commands (HO)
Package etexcmds Info: Could not find \expanded.
(etexcmds)             That can mean that you are not using pdfTeX 1.50 or
(etexcmds)             that some package has redefined \expanded.
(etexcmds)             In the latter case, load this package earlier.
Package: kvsetkeys 2016/05/16 v1.17 Key value parser (HO)
Package: kvdefinekeys 2016/05/16 v1.4 Define keys (HO)
Package: pdftexcmds 2018/01/21 v0.26 Utility functions of pdfTeX for LuaTeX (HO
)
Package pdftexcmds Info: LuaTeX not detected.
Package pdftexcmds Info: \pdf@primitive is available.
Package pdftexcmds Info: \pdf@ifprimitive is available.
Package pdftexcmds Info: \pdfdraftmode found.
Package: pdfescape 2016/05/16 v1.14 Implements pdfTeX's escape features (HO)
Package: bigintcalc 2016/05/16 v1.4 Expandable calculations on big integers (HO
)
Package: bitset 2016/05/16 v1.2 Handle bit-vector datatype (HO)
Package: uniquecounter 2016/05/16 v1.3 Provide unlimited unique counter (HO)
)
Package hobsub Info: Skipping package `hobsub' (already loaded).
Package: letltxmacro 2016/05/16 v1.5 Let assignment for LaTeX macros (HO)
Package: hopatch 2016/05/16 v1.3 Wrapper for package hooks (HO)
Package: xcolor-patch 2016/05/16 xcolor patch
Package: atveryend 2016/05/16 v1.9 Hooks at the very end of document (HO)
Package atveryend Info: \enddocument detected (standard20110627).
Package: atbegshi 2016/06/09 v1.18 At begin shipout hook (HO)
Package: refcount 2016/05/16 v3.5 Data extraction from label references (HO)
Package: hycolor 2016/05/16 v1.8 Color options for hyperref/bookmark (HO)
)
(/usr/share/texlive/texmf-dist/tex/generic/ifxetex/ifxetex.sty
Package: ifxetex 2010/09/12 v0.6 Provides ifxetex conditional
)
(/usr/share/texlive/texmf-dist/tex/latex/oberdiek/auxhook.sty
Package: auxhook 2016/05/16 v1.4 Hooks for auxiliary files (HO)
)
(/usr/share/texlive/texmf-dist/tex/latex/oberdiek/kvoptions.sty
Package: kvoptions 2016/05/16 v3.12 Key value format for package options (HO)
)
\@linkdim=\dimen126
\Hy@linkcounter=\count114
\Hy@pagecounter=\count115

(/usr/share/texlive/texmf-dist/tex/latex/hyperref/pd1enc.def
File: pd1enc.def 2018/02/06 v6.86b Hyperref: PDFDocEncoding definition (HO)
)
\Hy@SavedSpaceFactor=\count116

(/usr/share/texlive/texmf-dist/tex/latex/latexconfig/hyperref.cfg
File: hyperref.cfg 2002/06/06 v1.2 hyperref configuration of TeXLive
)
Package hyperref Info: Hyper figures OFF on input line 4509.
Package hyperref Info: Link nesting OFF on input line 4514.
Package hyperref Info: Hyper index ON on input line 4517.
Package hyperref Info: Plain pages OFF on input line 4524.
Package hyperref Info: Backreferencing OFF on input line 4529.
Package hyperref Info: Implicit mode ON; LaTeX internals redefined.
Package hyperref Info: Bookmarks ON on input line 4762.
\c@Hy@tempcnt=\count117

(/usr/share/texlive/texmf-dist/tex/latex/url/url.sty
\Urlmuskip=\muskip11
Package: url 2013/09/16  ver 3.4  Verb mode for urls, etc.
)
LaTeX Info: Redefining \url on input line 5115.
\XeTeXLinkMargin=\dimen127
\Fld@menulength=\count118
\Field@Width=\dimen128
\Fld@charsize=\dimen129
Package hyperref Info: Hyper figures OFF on input line 6369.
Package hyperref Info: Link nesting OFF on input line 6374.
Package hyperref Info: Hyper index ON on input line 6377.
Package hyperref Info: backreferencing OFF on input line 6384.
Package hyperref Info: Link coloring OFF on input line 6389.
Package hyperref Info: Link coloring with OCG OFF on input line 6394.
Package hyperref Info: PDF/A mode OFF on input line 6399.
LaTeX Info: Redefining \ref on input line 6439.
LaTeX Info: Redefining \pageref on input line 6443.
\Hy@abspage=\count119
\c@Item=\count120
\c@Hfootnote=\count121
)
Package hyperref Info: Driver (autodetected): hpdftex.

(/usr/share/texlive/texmf-dist/tex/latex/hyperref/hpdftex.def
File: hpdftex.def 2018/02/06 v6.86b Hyperref driver for pdfTeX
\Fld@listcount=\count122
\c@bookmark@seq@number=\count123

(/usr/share/texlive/texmf-dist/tex/latex/oberdiek/rerunfilecheck.sty
Package: rerunfilecheck 2016/05/16 v1.8 Rerun checks for auxiliary files (HO)
Package uniquecounter Info: New unique counter `rerunfilecheck' on input line 2
82.
)
\Hy@SectionHShift=\skip52
)
(/usr/share/texlive/texmf-dist/tex/latex/base/inputenc.sty
Package: inputenc 2015/03/17 v1.2c Input encoding file
\inpenc@prehook=\toks26
\inpenc@posthook=\toks27

(/usr/share/texlive/texmf-dist/tex/latex/base/utf8.def
File: utf8.def 2017/01/28 v1.1t UTF-8 support for inputenc
Now handling font encoding OML ...
... no UTF-8 mapping file for font encoding OML
Now handling font encoding T1 ...
... processing UTF-8 mapping file for font encoding T1

(/usr/share/texlive/texmf-dist/tex/latex/base/t1enc.dfu
File: t1enc.dfu 2017/01/28 v1.1t UTF-8 support for inputenc
   defining Unicode char U+00A0 (decimal 160)
   defining Unicode char U+00A1 (decimal 161)
   defining Unicode char U+00A3 (decimal 163)
   defining Unicode char U+00AB (decimal 171)
   defining Unicode char U+00AD (decimal 173)
   defining Unicode char U+00BB (decimal 187)
   defining Unicode char U+00BF (decimal 191)
   defining Unicode char U+00C0 (decimal 192)
   defining Unicode char U+00C1 (decimal 193)
   defining Unicode char U+00C2 (decimal 194)
   defining Unicode char U+00C3 (decimal 195)
   defining Unicode char U+00C4 (decimal 196)
   defining Unicode char U+00C5 (decimal 197)
   defining Unicode char U+00C6 (decimal 198)
   defining Unicode char U+00C7 (decimal 199)
   defining Unicode char U+00C8 (decimal 200)
   defining Unicode char U+00C9 (decimal 201)
   defining Unicode char U+00CA (decimal 202)
   defining Unicode char U+00CB (decimal 203)
   defining Unicode char U+00CC (decimal 204)
   defining Unicode char U+00CD (decimal 205)
   defining Unicode char U+00CE (decimal 206)
   defining Unicode char U+00CF (decimal 207)
   defining Unicode char U+00D0 (decimal 208)
   defining Unicode char U+00D1 (decimal 209)
   defining Unicode char U+00D2 (decimal 210)
   defining Unicode char U+00D3 (decimal 211)
   defining Unicode char U+00D4 (decimal 212)
   defining Unicode char U+00D5 (decimal 213)
   defining Unicode char U+00D6 (decimal 214)
   defining Unicode char U+00D8 (decimal 216)
   defining Unicode char U+00D9 (decimal 217)
   defining Unicode char U+00DA (decimal 218)
   defining Unicode char U+00DB (decimal 219)
   defining Unicode char U+00DC (decimal 220)
   defining Unicode char U+00DD (decimal 221)
   defining Unicode char U+00DE (decimal 222)
   defining Unicode char U+00DF (decimal 223)
   defining Unicode char U+00E0 (decimal 224)
   defining Unicode char U+00E1 (decimal 225)
   defining Unicode char U+00E2 (decimal 226)
   defining Unicode char U+00E3 (decimal 227)
   defining Unicode char U+00E4 (decimal 228)
   defining Unicode char U+00E5 (decimal 229)
   defining Unicode char U+00E6 (decimal 230)
   defining Unicode char U+00E7 (decimal 231)
   defining Unicode char U+00E8 (decimal 232)
   defining Unicode char U+00E9 (decimal 233)
   defining Unicode char U+00EA (decimal 234)
   defining Unicode char U+00EB (decimal 235)
   defining Unicode char U+00EC (decimal 236)
   defining Unicode char U+00ED (decimal 237)
   defining Unicode char U+00EE (decimal 238)
   defining Unicode char U+00EF (decimal 239)
   defining Unicode char U+00F0 (decimal 240)
   defining Unicode char U+00F1 (decimal 241)
   defining Unicode char U+00F2 (decimal 242)
   defining Unicode char U+00F3 (decimal 243)
   defining Unicode char U+00F4 (decimal 244)
   defining Unicode char U+00F5 (decimal 245)
   defining Unicode char U+00F6 (decimal 246)
   defining Unicode char U+00F8 (decimal 248)
   defining Unicode char U+00F9 (decimal 249)
   defining Unicode char U+00FA (decimal 250)
   defining Unicode char U+00FB (decimal 251)
   defining Unicode char U+00FC (decimal 252)
   defining Unicode char U+00FD (decimal 253)
   defining Unicode char U+00FE (decimal 254)
   defining Unicode char U+00FF (decimal 255)
   defining Unicode char U+0100 (decimal 256)
   defining Unicode char U+0101 (decimal 257)
   defining Unicode char U+0102 (decimal 258)
   defining Unicode char U+0103 (decimal 259)
   defining Unicode char U+0104 (decimal 260)
   defining Unicode char U+0105 (decimal 261)
   defining Unicode char U+0106 (decimal 262)
   defining Unicode char U+0107 (decimal 263)
   defining Unicode char U+0108 (decimal 264)
   defining Unicode char U+0109 (decimal 265)
   defining Unicode char U+010A (decimal 266)
   defining Unicode char U+010B (decimal 267)
   defining Unicode char U+010C (decimal 268)
   defining Unicode char U+010D (decimal 269)
   defining Unicode char U+010E (decimal 270)
   defining Unicode char U+010F (decimal 271)
   defining Unicode char U+0110 (decimal 272)
   defining Unicode char U+0111 (decimal 273)
   defining Unicode char U+0112 (decimal 274)
   defining Unicode char U+0113 (decimal 275)
   defining Unicode char U+0114 (decimal 276)
   defining Unicode char U+0115 (decimal 277)
   defining Unicode char U+0116 (decimal 278)
   defining Unicode char U+0117 (decimal 279)
   defining Unicode char U+0118 (decimal 280)
   defining Unicode char U+0119 (decimal 281)
   defining Unicode char U+011A (decimal 282)
   defining Unicode char U+011B (decimal 283)
   defining Unicode char U+011C (decimal 284)
   defining Unicode char U+011D (decimal 285)
   defining Unicode char U+011E (decimal 286)
   defining Unicode char U+011F (decimal 287)
   defining Unicode char U+0120 (decimal 288)
   defining Unicode char U+0121 (decimal 289)
   defining Unicode char U+0122 (decimal 290)
   defining Unicode char U+0123 (decimal 291)
   defining Unicode char U+0124 (decimal 292)
   defining Unicode char U+0125 (decimal 293)
   defining Unicode char U+0128 (decimal 296)
   defining Unicode char U+0129 (decimal 297)
   defining Unicode char U+012A (decimal 298)
   defining Unicode char U+012B (decimal 299)
   defining Unicode char U+012C (decimal 300)
   defining Unicode char U+012D (decimal 301)
   defining Unicode char U+012E (decimal 302)
   defining Unicode char U+012F (decimal 303)
   defining Unicode char U+0130 (decimal 304)
   defining Unicode char U+0131 (decimal 305)
   defining Unicode char U+0132 (decimal 306)
   defining Unicode char U+0133 (decimal 307)
   defining Unicode char U+0134 (decimal 308)
   defining Unicode char U+0135 (decimal 309)
   defining Unicode char U+0136 (decimal 310)
   defining Unicode char U+0137 (decimal 311)
   defining Unicode char U+0139 (decimal 313)
   defining Unicode char U+013A (decimal 314)
   defining Unicode char U+013B (decimal 315)
   defining Unicode char U+013C (decimal 316)
   defining Unicode char U+013D (decimal 317)
   defining Unicode char U+013E (decimal 318)
   defining Unicode char U+0141 (decimal 321)
   defining Unicode char U+0142 (decimal 322)
   defining Unicode char U+0143 (decimal 323)
   defining Unicode char U+0144 (decimal 324)
   defining Unicode char U+0145 (decimal 325)
   defining Unicode char U+0146 (decimal 326)
   defining Unicode char U+0147 (decimal 327)
   defining Unicode char U+0148 (decimal 328)
   defining Unicode char U+014A (decimal 330)
   defining Unicode char U+014B (decimal 331)
   defining Unicode char U+014C (decimal 332)
   defining Unicode char U+014D (decimal 333)
   defining Unicode char U+014E (decimal 334)
   defining Unicode char U+014F (decimal 335)
   defining Unicode char U+0150 (decimal 336)
   defining Unicode char U+0151 (decimal 337)
   defining Unicode char U+0152 (decimal 338)
   defining Unicode char U+0153 (decimal 339)
   defining Unicode char U+0154 (decimal 340)
   defining Unicode char U+0155 (decimal 341)
   defining Unicode char U+0156 (decimal 342)
   defining Unicode char U+0157 (decimal 343)
   defining Unicode char U+0158 (decimal 344)
   defining Unicode char U+0159 (decimal 345)
   defining Unicode char U+015A (decimal 346)
   defining Unicode char U+015B (decimal 347)
   defining Unicode char U+015C (decimal 348)
   defining Unicode char U+015D (decimal 349)
   defining Unicode char U+015E (decimal 350)
   defining Unicode char U+015F (decimal 351)
   defining Unicode char U+0160 (decimal 352)
   defining Unicode char U+0161 (decimal 353)
   defining Unicode char U+0162 (decimal 354)
   defining Unicode char U+0163 (decimal 355)
   defining Unicode char U+0164 (decimal 356)
   defining Unicode char U+0165 (decimal 357)
   defining Unicode char U+0168 (decimal 360)
   defining Unicode char U+0169 (decimal 361)
   defining Unicode char U+016A (decimal 362)
   defining Unicode char U+016B (decimal 363)
   defining Unicode char U+016C (decimal 364)
   defining Unicode char U+016D (decimal 365)
   defining Unicode char U+016E (decimal 366)
   defining Unicode char U+016F (decimal 367)
   defining Unicode char U+0170 (decimal 368)
   defining Unicode char U+0171 (decimal 369)
   defining Unicode char U+0172 (decimal 370)
   defining Unicode char U+0173 (decimal 371)
   defining Unicode char U+0174 (decimal 372)
   defining Unicode char U+0175 (decimal 373)
   defining Unicode char U+0176 (decimal 374)
   defining Unicode char U+0177 (decimal 375)
   defining Unicode char U+0178 (decimal 376)
   defining Unicode char U+0179 (decimal 377)
   defining Unicode char U+017A (decimal 378)
   defining Unicode char U+017B (decimal 379)
   defining Unicode char U+017C (decimal 380)
   defining Unicode char U+017D (decimal 381)
   defining Unicode char U+017E (decimal 382)
   defining Unicode char U+01CD (decimal 461)
   defining Unicode char U+01CE (decimal 462)
   defining Unicode char U+01CF (decimal 463)
   defining Unicode char U+01D0 (decimal 464)
   defining Unicode char U+01D1 (decimal 465)
   defining Unicode char U+01D2 (decimal 466)
   defining Unicode char U+01D3 (decimal 467)
   defining Unicode char U+01D4 (decimal 468)
   defining Unicode char U+01E2 (decimal 482)
   defining Unicode char U+01E3 (decimal 483)
   defining Unicode char U+01E6 (decimal 486)
   defining Unicode char U+01E7 (decimal 487)
   defining Unicode char U+01E8 (decimal 488)
   defining Unicode char U+01E9 (decimal 489)
   defining Unicode char U+01EA (decimal 490)
   defining Unicode char U+01EB (decimal 491)
   defining Unicode char U+01F0 (decimal 496)
   defining Unicode char U+01F4 (decimal 500)
   defining Unicode char U+01F5 (decimal 501)
   defining Unicode char U+0218 (decimal 536)
   defining Unicode char U+0219 (decimal 537)
   defining Unicode char U+021A (decimal 538)
   defining Unicode char U+021B (decimal 539)
   defining Unicode char U+0232 (decimal 562)
   defining Unicode char U+0233 (decimal 563)
   defining Unicode char U+1E02 (decimal 7682)
   defining Unicode char U+1E03 (decimal 7683)
   defining Unicode char U+200C (decimal 8204)
   defining Unicode char U+2010 (decimal 8208)
   defining Unicode char U+2011 (decimal 8209)
   defining Unicode char U+2012 (decimal 8210)
   defining Unicode char U+2013 (decimal 8211)
   defining Unicode char U+2014 (decimal 8212)
   defining Unicode char U+2015 (decimal 8213)
   defining Unicode char U+2018 (decimal 8216)
   defining Unicode char U+2019 (decimal 8217)
   defining Unicode char U+201A (decimal 8218)
   defining Unicode char U+201C (decimal 8220)
   defining Unicode char U+201D (decimal 8221)
   defining Unicode char U+201E (decimal 8222)
   defining Unicode char U+2030 (decimal 8240)
   defining Unicode char U+2031 (decimal 8241)
   defining Unicode char U+2039 (decimal 8249)
   defining Unicode char U+203A (decimal 8250)
   defining Unicode char U+2423 (decimal 9251)
   defining Unicode char U+1E20 (decimal 7712)
   defining Unicode char U+1E21 (decimal 7713)
)
Now handling font encoding OT1 ...
... processing UTF-8 mapping file for font encoding OT1

(/usr/share/texlive/texmf-dist/tex/latex/base/ot1enc.dfu
File: ot1enc.dfu 2017/01/28 v1.1t UTF-8 support for inputenc
   defining Unicode char U+00A0 (decimal 160)
   defining Unicode char U+00A1 (decimal 161)
   defining Unicode char U+00A3 (decimal 163)
   defining Unicode char U+00AD (decimal 173)
   defining Unicode char U+00B8 (decimal 184)
   defining Unicode char U+00BF (decimal 191)
   defining Unicode char U+00C5 (decimal 197)
   defining Unicode char U+00C6 (decimal 198)
   defining Unicode char U+00D8 (decimal 216)
   defining Unicode char U+00DF (decimal 223)
   defining Unicode char U+00E6 (decimal 230)
   defining Unicode char U+00EC (decimal 236)
   defining Unicode char U+00ED (decimal 237)
   defining Unicode char U+00EE (decimal 238)
   defining Unicode char U+00EF (decimal 239)
   defining Unicode char U+00F8 (decimal 248)
   defining Unicode char U+0131 (decimal 305)
   defining Unicode char U+0141 (decimal 321)
   defining Unicode char U+0142 (decimal 322)
   defining Unicode char U+0152 (decimal 338)
   defining Unicode char U+0153 (decimal 339)
   defining Unicode char U+0174 (decimal 372)
   defining Unicode char U+0175 (decimal 373)
   defining Unicode char U+0176 (decimal 374)
   defining Unicode char U+0177 (decimal 375)
   defining Unicode char U+0218 (decimal 536)
   defining Unicode char U+0219 (decimal 537)
   defining Unicode char U+021A (decimal 538)
   defining Unicode char U+021B (decimal 539)
   defining Unicode char U+2013 (decimal 8211)
   defining Unicode char U+2014 (decimal 8212)
   defining Unicode char U+2018 (decimal 8216)
   defining Unicode char U+2019 (decimal 8217)
   defining Unicode char U+201C (decimal 8220)
   defining Unicode char U+201D (decimal 8221)
)
Now handling font encoding OMS ...
... processing UTF-8 mapping file for font encoding OMS

(/usr/share/texlive/texmf-dist/tex/latex/base/omsenc.dfu
File: omsenc.dfu 2017/01/28 v1.1t UTF-8 support for inputenc
   defining Unicode char U+00A7 (decimal 167)
   defining Unicode char U+00B6 (decimal 182)
   defining Unicode char U+00B7 (decimal 183)
   defining Unicode char U+2020 (decimal 8224)
   defining Unicode char U+2021 (decimal 8225)
   defining Unicode char U+2022 (decimal 8226)
)
Now handling font encoding OMX ...
... no UTF-8 mapping file for font encoding OMX
Now handling font encoding U ...
... no UTF-8 mapping file for font encoding U
Now handling font encoding PD1 ...
... no UTF-8 mapping file for font encoding PD1
   defining Unicode char U+00A9 (decimal 169)
   defining Unicode char U+00AA (decimal 170)
   defining Unicode char U+00AE (decimal 174)
   defining Unicode char U+00BA (decimal 186)
   defining Unicode char U+02C6 (decimal 710)
   defining Unicode char U+02DC (decimal 732)
   defining Unicode char U+200C (decimal 8204)
   defining Unicode char U+2026 (decimal 8230)
   defining Unicode char U+2122 (decimal 8482)
   defining Unicode char U+2423 (decimal 9251)
))
(/usr/share/texlive/texmf-dist/tex/generic/babel/babel.sty
Package: babel 2018/02/14 3.18 The Babel package

(/usr/share/texlive/texmf-dist/tex/generic/babel/switch.def
File: switch.def 2018/02/14 3.18 Babel switching mechanism
)
(/usr/share/texlive/texmf-dist/tex/generic/babel-english/english.ldf
Language: english 2017/06/06 v3.3r English support from the babel system

(/usr/share/texlive/texmf-dist/tex/generic/babel/babel.def
File: babel.def 2018/02/14 3.18 Babel common definitions
\babel@savecnt=\count124
\U@D=\dimen130

(/usr/share/texlive/texmf-dist/tex/generic/babel/txtbabel.def)
\bbl@dirlevel=\count125
)
\l@canadian = a dialect from \language\l@american 
\l@australian = a dialect from \language\l@british 
\l@newzealand = a dialect from \language\l@british 
))
(/usr/share/texlive/texmf-dist/tex/latex/wrapfig/wrapfig.sty
\wrapoverhang=\dimen131
\WF@size=\dimen132
\c@WF@wrappedlines=\count126
\WF@box=\box60
\WF@everypar=\toks28
Package: wrapfig 2003/01/31  v 3.6
)
(/usr/share/texlive/texmf-dist/tex/latex/lipsum/lipsum.sty
Package: lipsum 2014/07/27 v1.3 150 paragraphs of Lorem Ipsum dummy text
\c@lips@count=\count127
)
(/usr/share/texlive/texmf-dist/tex/latex/booktabs/booktabs.sty
Package: booktabs 2016/04/27 v1.618033 publication quality tables
\heavyrulewidth=\dimen133
\lightrulewidth=\dimen134
\cmidrulewidth=\dimen135
\belowrulesep=\dimen136
\belowbottomsep=\dimen137
\aboverulesep=\dimen138
\abovetopsep=\dimen139
\cmidrulesep=\dimen140
\cmidrulekern=\dimen141
\defaultaddspace=\dimen142
\@cmidla=\count128
\@cmidlb=\count129
\@aboverulesep=\dimen143
\@belowrulesep=\dimen144
\@thisruleclass=\count130
\@lastruleclass=\count131
\@thisrulewidth=\dimen145
)
(/usr/share/texlive/texmf-dist/tex/latex/commath/commath.sty
(/usr/share/texlive/texmf-dist/tex/latex/base/ifthen.sty
Package: ifthen 2014/09/29 v1.1c Standard LaTeX ifthen package (DPC)
))
(/usr/share/texlive/texmf-dist/tex/latex/caption/caption.sty
Package: caption 2016/02/21 v3.3-144 Customizing captions (AR)

(/usr/share/texlive/texmf-dist/tex/latex/caption/caption3.sty
Package: caption3 2016/05/22 v1.7-166 caption3 kernel (AR)
Package caption3 Info: TeX engine: e-TeX on input line 67.
\captionmargin=\dimen146
\captionmargin@=\dimen147
\captionwidth=\dimen148
\caption@tempdima=\dimen149
\caption@indent=\dimen150
\caption@parindent=\dimen151
\caption@hangindent=\dimen152
)
\c@ContinuedFloat=\count132
Package caption Info: float package is loaded.
Package caption Info: hyperref package is loaded.
Package caption Info: longtable package is loaded.

(/usr/share/texlive/texmf-dist/tex/latex/caption/ltcaption.sty
Package: ltcaption 2013/06/09 v1.4-94 longtable captions (AR)
)
Package caption Info: wrapfig package is loaded.
)
(./hw2Report.aux)
\openout1 = `hw2Report.aux'.

LaTeX Font Info:    Checking defaults for OML/cmm/m/it on input line 34.
LaTeX Font Info:    ... okay on input line 34.
LaTeX Font Info:    Checking defaults for T1/cmr/m/n on input line 34.
LaTeX Font Info:    ... okay on input line 34.
LaTeX Font Info:    Checking defaults for OT1/cmr/m/n on input line 34.
LaTeX Font Info:    ... okay on input line 34.
LaTeX Font Info:    Checking defaults for OMS/cmsy/m/n on input line 34.
LaTeX Font Info:    ... okay on input line 34.
LaTeX Font Info:    Checking defaults for OMX/cmex/m/n on input line 34.
LaTeX Font Info:    ... okay on input line 34.
LaTeX Font Info:    Checking defaults for U/cmr/m/n on input line 34.
LaTeX Font Info:    ... okay on input line 34.
LaTeX Font Info:    Checking defaults for PD1/pdf/m/n on input line 34.
LaTeX Font Info:    ... okay on input line 34.

(/usr/share/texlive/texmf-dist/tex/context/base/mkii/supp-pdf.mkii
[Loading MPS to PDF converter (version 2006.09.02).]
\scratchcounter=\count133
\scratchdimen=\dimen153
\scratchbox=\box61
\nofMPsegments=\count134
\nofMParguments=\count135
\everyMPshowfont=\toks29
\MPscratchCnt=\count136
\MPscratchDim=\dimen154
\MPnumerator=\count137
\makeMPintoPDFobject=\count138
\everyMPtoPDFconversion=\toks30
) (/usr/share/texlive/texmf-dist/tex/latex/oberdiek/epstopdf-base.sty
Package: epstopdf-base 2016/05/15 v2.6 Base part for package epstopdf

(/usr/share/texlive/texmf-dist/tex/latex/oberdiek/grfext.sty
Package: grfext 2016/05/16 v1.2 Manage graphics extensions (HO)
)
Package epstopdf-base Info: Redefining graphics rule for `.eps' on input line 4
38.
Package grfext Info: Graphics extension search list:
(grfext)             [.pdf,.png,.jpg,.mps,.jpeg,.jbig2,.jb2,.PDF,.PNG,.JPG,.JPE
G,.JBIG2,.JB2,.eps]
(grfext)             \AppendGraphicsExtensions on input line 456.

(/usr/share/texlive/texmf-dist/tex/latex/latexconfig/epstopdf-sys.cfg
File: epstopdf-sys.cfg 2010/07/13 v1.3 Configuration of (r)epstopdf for TeX Liv
e
))
\AtBeginShipoutBox=\box62
Package hyperref Info: Link coloring OFF on input line 34.

(/usr/share/texlive/texmf-dist/tex/latex/hyperref/nameref.sty
Package: nameref 2016/05/21 v2.44 Cross-referencing by name of section

(/usr/share/texlive/texmf-dist/tex/generic/oberdiek/gettitlestring.sty
Package: gettitlestring 2016/05/16 v1.5 Cleanup title references (HO)
)
\c@section@level=\count139
)
LaTeX Info: Redefining \ref on input line 34.
LaTeX Info: Redefining \pageref on input line 34.
LaTeX Info: Redefining \nameref on input line 34.

(./hw2Report.out) (./hw2Report.out)
\@outlinefile=\write3
\openout3 = `hw2Report.out'.

Package caption Info: Begin \AtBeginDocument code.
Package caption Info: End \AtBeginDocument code.
LaTeX Font Info:    Try loading font information for U+msa on input line 41.

(/usr/share/texlive/texmf-dist/tex/latex/amsfonts/umsa.fd
File: umsa.fd 2013/01/14 v3.01 AMS symbols A
)
LaTeX Font Info:    Try loading font information for U+msb on input line 41.

(/usr/share/texlive/texmf-dist/tex/latex/amsfonts/umsb.fd
File: umsb.fd 2013/01/14 v3.01 AMS symbols B
) [1

{/var/lib/texmf/fonts/map/pdftex/updmap/pdftex.map}]
LaTeX Font Info:    Try loading font information for OMS+cmr on input line 55.

(/usr/share/texlive/texmf-dist/tex/latex/base/omscmr.fd
File: omscmr.fd 2014/09/29 v2.5h Standard LaTeX font definitions
)
LaTeX Font Info:    Font shape `OMS/cmr/m/n' in size <12> not available
(Font)              Font shape `OMS/cmsy/m/n' tried instead on input line 55.

Overfull \hbox (38.09537pt too wide) in paragraph at lines 72--79
[][] 
 []


Underfull \hbox (badness 10000) in paragraph at lines 72--79

 []


Underfull \hbox (badness 10000) in paragraph at lines 69--79
\OT1/cmr/m/n/12 com-po-si-tion.
 []


Overfull \hbox (14.86877pt too wide) in paragraph at lines 82--82
[]\OT1/cmr/bx/n/17.28 Algorithm Im-ple-men-ta-tion and
 []

</home/bdvr/Documents/GitHub/AMATH563/hw2/images/interpolatedData.png, id=76, 1
339.1631pt x 690.1785pt>
File: /home/bdvr/Documents/GitHub/AMATH563/hw2/images/interpolatedData.png Grap
hic file (type png)
<use /home/bdvr/Documents/GitHub/AMATH563/hw2/images/interpolatedData.png>
Package pdftex.def Info: /home/bdvr/Documents/GitHub/AMATH563/hw2/images/interp
olatedData.png  used on input line 85.
(pdftex.def)             Requested size: 250.3977pt x 101.75305pt.

Overfull \hbox (15.52022pt too wide) in paragraph at lines 85--86
[][] 
 []

[2]
Underfull \hbox (badness 10000) in paragraph at lines 94--95

 []


Underfull \hbox (badness 10000) in paragraph at lines 98--106

 []


Underfull \hbox (badness 10000) in paragraph at lines 98--106

 []

[3 </home/bdvr/Documents/GitHub/AMATH563/hw2/images/interpolatedData.png>]
</home/bdvr/Documents/GitHub/AMATH563/hw2/images/firstfullevideoimage.png, id=9
2, 462.528pt x 346.896pt>
File: /home/bdvr/Documents/GitHub/AMATH563/hw2/images/firstfullevideoimage.png 
Graphic file (type png)
<use /home/bdvr/Documents/GitHub/AMATH563/hw2/images/firstfullevideoimage.png>
Package pdftex.def Info: /home/bdvr/Documents/GitHub/AMATH563/hw2/images/firstf
ullevideoimage.png  used on input line 112.
(pdftex.def)             Requested size: 204.88211pt x 127.19029pt.
</home/bdvr/Documents/GitHub/AMATH563/hw2/images/timezeroslice.png, id=93, 462.
528pt x 346.896pt>
File: /home/bdvr/Documents/GitHub/AMATH563/hw2/images/timezeroslice.png Graphic
 file (type png)
<use /home/bdvr/Documents/GitHub/AMATH563/hw2/images/timezeroslice.png>
Package pdftex.def Info: /home/bdvr/Documents/GitHub/AMATH563/hw2/images/timeze
roslice.png  used on input line 118.
(pdftex.def)             Requested size: 204.88211pt x 127.19029pt.
</home/bdvr/Documents/GitHub/AMATH563/hw2/images/model2SSPreds.png, id=94, 462.
528pt x 346.896pt>
File: /home/bdvr/Documents/GitHub/AMATH563/hw2/images/model2SSPreds.png Graphic
 file (type png)
<use /home/bdvr/Documents/GitHub/AMATH563/hw2/images/model2SSPreds.png>
Package pdftex.def Info: /home/bdvr/Documents/GitHub/AMATH563/hw2/images/model2
SSPreds.png  used on input line 148.
(pdftex.def)             Requested size: 233.31718pt x 113.80908pt.
</home/bdvr/Documents/GitHub/AMATH563/hw2/images/model2SSCoefs.png, id=95, 462.
528pt x 346.896pt>
File: /home/bdvr/Documents/GitHub/AMATH563/hw2/images/model2SSCoefs.png Graphic
 file (type png)
<use /home/bdvr/Documents/GitHub/AMATH563/hw2/images/model2SSCoefs.png>
Package pdftex.def Info: /home/bdvr/Documents/GitHub/AMATH563/hw2/images/model2
SSCoefs.png  used on input line 150.
(pdftex.def)             Requested size: 233.31718pt x 113.80908pt.

Underfull \hbox (badness 10000) in alignment at lines 146--154
[][]
 []


Overfull \hbox (36.42493pt too wide) in paragraph at lines 146--155
 [] 
 []

[4 </home/bdvr/Documents/GitHub/AMATH563/hw2/images/firstfullevideoimage.png> <
/home/bdvr/Documents/GitHub/AMATH563/hw2/images/timezeroslice.png>]
Overfull \hbox (4.47644pt too wide) in paragraph at lines 161--170
 [] 
 []

</home/bdvr/Documents/GitHub/AMATH563/hw2/images/model1videoCoefficients.png, i
d=104, 462.528pt x 346.896pt>
File: /home/bdvr/Documents/GitHub/AMATH563/hw2/images/model1videoCoefficients.p
ng Graphic file (type png)
<use /home/bdvr/Documents/GitHub/AMATH563/hw2/images/model1videoCoefficients.pn
g>
Package pdftex.def Info: /home/bdvr/Documents/GitHub/AMATH563/hw2/images/model1
videoCoefficients.png  used on input line 181.
(pdftex.def)             Requested size: 142.26709pt x 85.35814pt.
</home/bdvr/Documents/GitHub/AMATH563/hw2/images/model2videoCoefficients.png, i
d=105, 462.528pt x 346.896pt>
File: /home/bdvr/Documents/GitHub/AMATH563/hw2/images/model2videoCoefficients.p
ng Graphic file (type png)
<use /home/bdvr/Documents/GitHub/AMATH563/hw2/images/model2videoCoefficients.pn
g>
Package pdftex.def Info: /home/bdvr/Documents/GitHub/AMATH563/hw2/images/model2
videoCoefficients.png  used on input line 183.
(pdftex.def)             Requested size: 142.26709pt x 85.35814pt.

Underfull \hbox (badness 10000) in alignment at lines 179--187
[][]
 []

[5 </home/bdvr/Documents/GitHub/AMATH563/hw2/images/model2SSPreds.png> </home/b
dvr/Documents/GitHub/AMATH563/hw2/images/model2SSCoefs.png> </home/bdvr/Documen
ts/GitHub/AMATH563/hw2/images/model1videoCoefficients.png> </home/bdvr/Document
s/GitHub/AMATH563/hw2/images/model2videoCoefficients.png>]
</home/bdvr/Documents/GitHub/AMATH563/hw2/images/slice0small.png, id=119, 462.5
28pt x 346.896pt>
File: /home/bdvr/Documents/GitHub/AMATH563/hw2/images/slice0small.png Graphic f
ile (type png)
<use /home/bdvr/Documents/GitHub/AMATH563/hw2/images/slice0small.png>
Package pdftex.def Info: /home/bdvr/Documents/GitHub/AMATH563/hw2/images/slice0
small.png  used on input line 197.
(pdftex.def)             Requested size: 150.79973pt x 71.13pt.
</home/bdvr/Documents/GitHub/AMATH563/hw2/images/slicehalfsmall.png, id=120, 46
2.528pt x 346.896pt>
File: /home/bdvr/Documents/GitHub/AMATH563/hw2/images/slicehalfsmall.png Graphi
c file (type png)
<use /home/bdvr/Documents/GitHub/AMATH563/hw2/images/slicehalfsmall.png>
Package pdftex.def Info: /home/bdvr/Documents/GitHub/AMATH563/hw2/images/sliceh
alfsmall.png  used on input line 199.
(pdftex.def)             Requested size: 150.79973pt x 71.13pt.
</home/bdvr/Documents/GitHub/AMATH563/hw2/images/endslicesmall.png, id=121, 462
.528pt x 346.896pt>
File: /home/bdvr/Documents/GitHub/AMATH563/hw2/images/endslicesmall.png Graphic
 file (type png)
<use /home/bdvr/Documents/GitHub/AMATH563/hw2/images/endslicesmall.png>
Package pdftex.def Info: /home/bdvr/Documents/GitHub/AMATH563/hw2/images/endsli
cesmall.png  used on input line 201.
(pdftex.def)             Requested size: 153.64394pt x 71.13pt.
</home/bdvr/Documents/GitHub/AMATH563/hw2/images/slice0large.png, id=122, 462.5
28pt x 346.896pt>
File: /home/bdvr/Documents/GitHub/AMATH563/hw2/images/slice0large.png Graphic f
ile (type png)
<use /home/bdvr/Documents/GitHub/AMATH563/hw2/images/slice0large.png>
Package pdftex.def Info: /home/bdvr/Documents/GitHub/AMATH563/hw2/images/slice0
large.png  used on input line 204.
(pdftex.def)             Requested size: 150.79973pt x 71.13pt.
</home/bdvr/Documents/GitHub/AMATH563/hw2/images/slicehalflarge.png, id=123, 46
2.528pt x 346.896pt>
File: /home/bdvr/Documents/GitHub/AMATH563/hw2/images/slicehalflarge.png Graphi
c file (type png)
<use /home/bdvr/Documents/GitHub/AMATH563/hw2/images/slicehalflarge.png>
Package pdftex.def Info: /home/bdvr/Documents/GitHub/AMATH563/hw2/images/sliceh
alflarge.png  used on input line 206.
(pdftex.def)             Requested size: 150.79973pt x 71.13pt.
</home/bdvr/Documents/GitHub/AMATH563/hw2/images/endslicelarge.png, id=124, 462
.528pt x 346.896pt>
File: /home/bdvr/Documents/GitHub/AMATH563/hw2/images/endslicelarge.png Graphic
 file (type png)
<use /home/bdvr/Documents/GitHub/AMATH563/hw2/images/endslicelarge.png>
Package pdftex.def Info: /home/bdvr/Documents/GitHub/AMATH563/hw2/images/endsli
celarge.png  used on input line 208.
(pdftex.def)             Requested size: 153.64394pt x 71.13pt.

Underfull \hbox (badness 10000) in alignment at lines 195--211
[][][]
 []


Overfull \hbox (36.42493pt too wide) in paragraph at lines 195--212
 [] 
 []

</home/bdvr/Documents/GitHub/AMATH563/hw2/images/timeDelayIMbed50Steps.png, id=
125, 462.528pt x 346.896pt>
File: /home/bdvr/Documents/GitHub/AMATH563/hw2/images/timeDelayIMbed50Steps.png
 Graphic file (type png)
<use /home/bdvr/Documents/GitHub/AMATH563/hw2/images/timeDelayIMbed50Steps.png>

Package pdftex.def Info: /home/bdvr/Documents/GitHub/AMATH563/hw2/images/timeDe
layIMbed50Steps.png  used on input line 219.
(pdftex.def)             Requested size: 250.41774pt x 101.75647pt.

Overfull \hbox (15.54025pt too wide) in paragraph at lines 219--220
[][] 
 []


Underfull \hbox (badness 1803) in paragraph at lines 221--224
[]$ \OT1/cmr/m/n/12 is the gra-di-ent of our pixel val-
 []


Underfull \hbox (badness 1052) in paragraph at lines 221--224
\OT1/cmr/m/n/12 of our pixel val-ues in space. Over-
 []


Underfull \hbox (badness 1009) in paragraph at lines 221--224
\OT1/cmr/m/n/12 our sys-tem of equa-tions de-spite dif-fi-
 []


Underfull \hbox (badness 10000) in paragraph at lines 221--224

 []

[6 </home/bdvr/Documents/GitHub/AMATH563/hw2/images/slice0small.png> </home/bdv
r/Documents/GitHub/AMATH563/hw2/images/slicehalfsmall.png> </home/bdvr/Document
s/GitHub/AMATH563/hw2/images/endslicesmall.png> </home/bdvr/Documents/GitHub/AM
ATH563/hw2/images/slice0large.png> </home/bdvr/Documents/GitHub/AMATH563/hw2/im
ages/slicehalflarge.png> </home/bdvr/Documents/GitHub/AMATH563/hw2/images/endsl
icelarge.png> </home/bdvr/Documents/GitHub/AMATH563/hw2/images/timeDelayIMbed50
Steps.png>]
Overfull \hbox (17.82721pt too wide) in paragraph at lines 229--230
\OT1/cmr/m/n/12 https://docs.scipy.org/doc/numpy/reference/generated/numpy.grad
ient.html#numpy-
 []


Overfull \hbox (16.26056pt too wide) in paragraph at lines 230--233
\OT1/cmr/m/n/12 https://www.mathworks.com/matlabcentral/answers/195674-neu ral-
network-aic-and-
 []


Overfull \hbox (9.79813pt too wide) in paragraph at lines 233--235
\OT1/cmr/m/n/12 https://docs.scipy.org/doc/scipy/reference/generated/scipy.inte
rpolate.interp1d.html 
 []

</home/bdvr/Documents/GitHub/AMATH563/hw2/images/model0LynxCoefs.png, id=140, 4
62.528pt x 346.896pt>
File: /home/bdvr/Documents/GitHub/AMATH563/hw2/images/model0LynxCoefs.png Graph
ic file (type png)
<use /home/bdvr/Documents/GitHub/AMATH563/hw2/images/model0LynxCoefs.png>
Package pdftex.def Info: /home/bdvr/Documents/GitHub/AMATH563/hw2/images/model0
LynxCoefs.png  used on input line 258.
(pdftex.def)             Requested size: 227.6506pt x 170.73744pt.
[7]
</home/bdvr/Documents/GitHub/AMATH563/hw2/images/model1LynxCoefs.png, id=146, 4
62.528pt x 346.896pt>
File: /home/bdvr/Documents/GitHub/AMATH563/hw2/images/model1LynxCoefs.png Graph
ic file (type png)
<use /home/bdvr/Documents/GitHub/AMATH563/hw2/images/model1LynxCoefs.png>
Package pdftex.def Info: /home/bdvr/Documents/GitHub/AMATH563/hw2/images/model1
LynxCoefs.png  used on input line 262.
(pdftex.def)             Requested size: 227.6506pt x 170.73744pt.
</home/bdvr/Documents/GitHub/AMATH563/hw2/images/model2LynxCoefs.png, id=147, 4
62.528pt x 346.896pt>
File: /home/bdvr/Documents/GitHub/AMATH563/hw2/images/model2LynxCoefs.png Graph
ic file (type png)
<use /home/bdvr/Documents/GitHub/AMATH563/hw2/images/model2LynxCoefs.png>
Package pdftex.def Info: /home/bdvr/Documents/GitHub/AMATH563/hw2/images/model2
LynxCoefs.png  used on input line 266.
(pdftex.def)             Requested size: 227.6506pt x 170.73744pt.
</home/bdvr/Documents/GitHub/AMATH563/hw2/images/model0LynxPreds.png, id=148, 4
62.528pt x 346.896pt>
File: /home/bdvr/Documents/GitHub/AMATH563/hw2/images/model0LynxPreds.png Graph
ic file (type png)
<use /home/bdvr/Documents/GitHub/AMATH563/hw2/images/model0LynxPreds.png>
Package pdftex.def Info: /home/bdvr/Documents/GitHub/AMATH563/hw2/images/model0
LynxPreds.png  used on input line 270.
(pdftex.def)             Requested size: 227.6506pt x 170.73744pt.
 [8 </home/bdvr/Documents/GitHub/AMATH563/hw2/images/model0LynxCoefs.png> </hom
e/bdvr/Documents/GitHub/AMATH563/hw2/images/model1LynxCoefs.png>]
</home/bdvr/Documents/GitHub/AMATH563/hw2/images/model1LynxPreds.png, id=159, 4
62.528pt x 346.896pt>
File: /home/bdvr/Documents/GitHub/AMATH563/hw2/images/model1LynxPreds.png Graph
ic file (type png)
<use /home/bdvr/Documents/GitHub/AMATH563/hw2/images/model1LynxPreds.png>
Package pdftex.def Info: /home/bdvr/Documents/GitHub/AMATH563/hw2/images/model1
LynxPreds.png  used on input line 274.
(pdftex.def)             Requested size: 227.6506pt x 170.73744pt.
</home/bdvr/Documents/GitHub/AMATH563/hw2/images/model2LynxPreds.png, id=160, 4
62.528pt x 346.896pt>
File: /home/bdvr/Documents/GitHub/AMATH563/hw2/images/model2LynxPreds.png Graph
ic file (type png)
<use /home/bdvr/Documents/GitHub/AMATH563/hw2/images/model2LynxPreds.png>
Package pdftex.def Info: /home/bdvr/Documents/GitHub/AMATH563/hw2/images/model2
LynxPreds.png  used on input line 278.
(pdftex.def)             Requested size: 227.6506pt x 170.73744pt.
File: /home/bdvr/Documents/GitHub/AMATH563/hw2/images/model2LynxPreds.png Graph
ic file (type png)
<use /home/bdvr/Documents/GitHub/AMATH563/hw2/images/model2LynxPreds.png>
Package pdftex.def Info: /home/bdvr/Documents/GitHub/AMATH563/hw2/images/model2
LynxPreds.png  used on input line 282.
(pdftex.def)             Requested size: 227.6506pt x 170.73744pt.
 [9 </home/bdvr/Documents/GitHub/AMATH563/hw2/images/model2LynxCoefs.png> </hom
e/bdvr/Documents/GitHub/AMATH563/hw2/images/model0LynxPreds.png> </home/bdvr/Do
cuments/GitHub/AMATH563/hw2/images/model1LynxPreds.png>] [10 </home/bdvr/Docume
nts/GitHub/AMATH563/hw2/images/model2LynxPreds.png>]
Overfull \hbox (75.74905pt too wide) in paragraph at lines 313--313
[]\OT1/cmtt/m/n/12 https://mathinsight.org/ordinary_differential_equation_intro
duction for refreshing ODE[] 
 []


Overfull \hbox (322.74918pt too wide) in paragraph at lines 314--314
[]\OT1/cmtt/m/n/12 https://imedea.uib-csic.es/master/cambioglobal/Modulo_V_cod1
01615/Theory/TSA_theory_part1.pdf for probablities and time series[] 
 []


Overfull \hbox (285.69916pt too wide) in paragraph at lines 321--321
[]\OT1/cmtt/m/n/12 interps = [(1,1),(2,3),(3,7)] # represent every year, every 
6 months, and every 3 months (year, half year, quarter year)[] 
 []

[11] [12]
Overfull \hbox (291.87416pt too wide) in paragraph at lines 396--396
[]\OT1/cmtt/m/n/12 def splineInterpolation(xs,level=0,plotSplines = False,title
='peltCounts',clearFigure=True,saveLoc = 'scrap',test=False):[] 
 []


Overfull \hbox (51.04904pt too wide) in paragraph at lines 398--398
[]\OT1/cmtt/m/n/12 does cubic spline interpolation for our problem with various
 levels of granularity[] 
 []

[13] [14] [15] [16] [17]
Overfull \hbox (7.82402pt too wide) in paragraph at lines 604--604
[]\OT1/cmtt/m/n/12 def marchForward(SS,Lynx,time,coefSS,coefLynx,initSS,initLyn
x,filter=None):[] 
 []


Overfull \hbox (44.87404pt too wide) in paragraph at lines 634--634
[]\OT1/cmtt/m/n/12 def smallCalcs(startPointSS,startPointLynx,time,coefSS,coefL
ynx,diffSS,diffLynx):[] 
 []

[18]
Overfull \hbox (51.04904pt too wide) in paragraph at lines 673--673
[]\OT1/cmtt/m/n/12 avgSlope = (yvals[counter+1]-yvals[counter-1])/(xdiffs[count
er-1]+xdiffs[counter])[] 
 []


Overfull \hbox (421.54922pt too wide) in paragraph at lines 678--678
[]\OT1/cmtt/m/n/12 def plotMyAttempt(ogv,myv,time,title = 'Interpolated Pelt Co
llection (1845-1903)',ylab='Number of Pelts',legendData=['original', 'my guess'
]):[] 
 []

[19] [20] [21]
Overfull \hbox (118.97408pt too wide) in paragraph at lines 783--783
[]\OT1/cmtt/m/n/12 where sigma^2 = RSS/n (n is sample size, RSS = residual sum 
of squares = sum((y_i-f(x_i)))^2)[] 
 []


Overfull \hbox (458.59924pt too wide) in paragraph at lines 785--785
[]\OT1/cmtt/m/n/12 Log likelihood for AIC and BIC. Likelihood of seeing the dat
a given that model. Obviously we approximate this isnce we ont have a real dist
ribution.[] 
 []


Overfull \hbox (619.14932pt too wide) in paragraph at lines 787--787
[]\OT1/cmtt/m/n/12 BOTH AIC AND BIC AND KL DIVERGENCE are both for one model in
 two dimensions, SO, you calculate KL Divergence over the bins of our data spac
e and for the estimation of RSS and[] 
 []


Overfull \hbox (211.59912pt too wide) in paragraph at lines 788--788
[]\OT1/cmtt/m/n/12 conseuqeuntly sigma squared is by summing hte squared distan
ce between actual and my calculated time points.[] 
 []


Overfull \hbox (112.79907pt too wide) in paragraph at lines 796--796
[]\OT1/cmtt/m/n/12 exploding to infinity is normal for this assignment when lef
t on its own, so i got it right.[] 
 []


Overfull \hbox (13.99902pt too wide) in paragraph at lines 806--806
[]\OT1/cmtt/m/n/12 This difference equation and the x' are similar/ exact in ce
rtain situations[] 
 []


Overfull \hbox (20.17403pt too wide) in paragraph at lines 813--813
[]\OT1/cmtt/m/n/12 SVD Can think of XV=UE (e is sum sigma) where sigma represen
ts rank of matrix[] 
 []


Overfull \hbox (162.1991pt too wide) in paragraph at lines 815--815
[]\OT1/cmtt/m/n/12 want to throw both animals into this 2d matrix for the hanke
ll matrix , like lynx ss lynx ss lynx ss[] 
 []

[22]
Overfull \hbox (267.17415pt too wide) in paragraph at lines 825--825
[]\OT1/cmtt/m/n/12 snowshoex , snowshoey = splineInterpolation(data[:,1],level,
False,clearFigure=True,saveLoc = 'hareinterp'+str(level))[] 
 []


Overfull \hbox (205.42412pt too wide) in paragraph at lines 826--826
[]\OT1/cmtt/m/n/12 lynxx , lynxy = splineInterpolation(data[:,2],level,False,cl
earFigure=True,saveLoc='lynxinterp'+str(level))[] 
 []


Overfull \hbox (88.09906pt too wide) in paragraph at lines 832--832
[]\OT1/cmtt/m/n/12 coefsSnowShoe,SA = getFormula(snowShoeDerivs,snowshoey[1:-1]
,lynxy[1:-1],penalty,100000)[] 
 []


Overfull \hbox (38.69904pt too wide) in paragraph at lines 833--833
[]\OT1/cmtt/m/n/12 coefsLynx,LA = getFormula(lynxDerivs,lynxy[1:-1],snowshoey[1
:-1],penalty,100000)[] 
 []


Overfull \hbox (7.82402pt too wide) in paragraph at lines 835--835
[]\OT1/cmtt/m/n/12 altss,idk = getFormula2(SSMarch,snowshoey[0:-1],lynxy[0:-1],
penalty,100000)[] 
 []


Overfull \hbox (38.69904pt too wide) in paragraph at lines 836--836
[]\OT1/cmtt/m/n/12 altlynx,dik2 = getFormula2(LynxMarch,snowshoey[0:-1],lynxy[0
:-1],penalty,100000)[] 
 []


Overfull \hbox (193.07411pt too wide) in paragraph at lines 848--848
[]\OT1/cmtt/m/n/12 #vals,derivs= calcVals(snowshoey,lynxy,snowshoex[1:-1],coefs
SnowShoe,coefsLynx,snowShoeDerivs,lynxDerivs)[] 
 []


Overfull \hbox (149.84909pt too wide) in paragraph at lines 849--849
[]\OT1/cmtt/m/n/12 #vals = marchForward(SSMarch,LynxMarch,snowshoex[1:],altss2,
altlynx2,snowshoey[0],lynxy[0],filter)[] 
 []


Overfull \hbox (131.32408pt too wide) in paragraph at lines 850--850
[]\OT1/cmtt/m/n/12 vals = marchForward(SSMarch,LynxMarch,snowshoex[1:],altss,al
tlynx,snowshoey[0],lynxy[0],filter)[] 
 []

[23] [24]
Overfull \hbox (149.84909pt too wide) in paragraph at lines 918--918
[]\OT1/cmtt/m/n/12 #likelihood = (-1*counter/2)*np.log(2*np.pi) + (-1*counter/2
)*np.log(sigma2) + (-1/(2*sigma2))*RSS[] 
 []


Overfull \hbox (149.84909pt too wide) in paragraph at lines 934--934
[]\OT1/cmtt/m/n/12 #likelihood = (-1*counter/2)*np.log(2*np.pi) + (-1*counter/2
)*np.log(sigma2) + (-1/(2*sigma2))*RSS[] 
 []


Overfull \hbox (267.17415pt too wide) in paragraph at lines 941--941
[]\OT1/cmtt/m/n/12 snowshoex , snowshoey = splineInterpolation(data[:,1],level,
False,clearFigure=True,saveLoc = 'hareinterp'+str(level))[] 
 []


Overfull \hbox (205.42412pt too wide) in paragraph at lines 942--942
[]\OT1/cmtt/m/n/12 lynxx , lynxy = splineInterpolation(data[:,2],level,False,cl
earFigure=True,saveLoc='lynxinterp'+str(level))[] 
 []


Overfull \hbox (483.29926pt too wide) in paragraph at lines 944--944
[]\OT1/cmtt/m/n/12 plotMyAttempt(snowshoey,lynxy,snowshoex,title = 'Interpolate
d Pelt Collection (1845-1903)',ylab='Number of Pelts',legendData=['snowshoe har
es', 'lynx'])[] 
 []

[25]
Overfull \hbox (106.62407pt too wide) in paragraph at lines 956--956
[]\OT1/cmtt/m/n/12 model0guesses = marchForward2(sscoef0,lynxcoef0,snowshoey[0]
,lynxy[0],len(ssb),filter=None)[] 
 []


Overfull \hbox (57.22404pt too wide) in paragraph at lines 957--957
[]\OT1/cmtt/m/n/12 guesses = marchForward2(sscoef,lynxcoef,snowshoey[0],lynxy[0
],len(ssb),filter=None)[] 
 []


Overfull \hbox (143.67409pt too wide) in paragraph at lines 961--961
[]\OT1/cmtt/m/n/12 plotMyAttempt(model0guesses[:,0],ssb,snowshoex[1:],'Interpol
ated SS Pelt Collection (1845-1903)')[] 
 []


Overfull \hbox (168.3741pt too wide) in paragraph at lines 965--965
[]\OT1/cmtt/m/n/12 plotMyAttempt(model0guesses[:,1],lynxb,snowshoex[1:],'Interp
olated Lynx Pelt Collection (1845-1903)')[] 
 []


Overfull \hbox (106.62407pt too wide) in paragraph at lines 970--970
[]\OT1/cmtt/m/n/12 plotMyAttempt(guesses[:,0],ssb,snowshoex[1:],'Interpolated S
S Pelt Collection (1845-1903)')[] 
 []


Overfull \hbox (131.32408pt too wide) in paragraph at lines 974--974
[]\OT1/cmtt/m/n/12 plotMyAttempt(guesses[:,1],lynxb,snowshoex[1:],'Interpolated
 Lynx Pelt Collection (1845-1903)')[] 
 []


Overfull \hbox (38.69904pt too wide) in paragraph at lines 990--990
[]\OT1/cmtt/m/n/12 vals = marchForward(ssb,lynxb,snowshoex[1:],altss,altlynx,sn
owshoey[0],lynxy[0])[] 
 []


Overfull \hbox (88.09906pt too wide) in paragraph at lines 991--991
[]\OT1/cmtt/m/n/12 plotMyAttempt(vals[:,1],ssb,snowshoex[1:],'Interpolated SS P
elt Collection (1845-1903)')[] 
 []


Overfull \hbox (112.79907pt too wide) in paragraph at lines 992--992
[]\OT1/cmtt/m/n/12 plotMyAttempt(vals[:,2],lynxb,snowshoex[1:],'Interpolated Ly
nx Pelt Collection (1845-1903)')[] 
 []


Overfull \hbox (63.39905pt too wide) in paragraph at lines 996--996
[]\OT1/cmtt/m/n/12 myDistrib0 = createPointPairs(model0guesses[:,0],model0guess
es[:,1],ssmean,lynxmean)[] 
 []

[26] [27]
Overfull \hbox (125.14908pt too wide) in paragraph at lines 1060--1060
[]\OT1/cmtt/m/n/12 a matrix A multiplied to a vector does a certain amount of s
tretching and rotation, two parts.[] 
 []


Overfull \hbox (359.7992pt too wide) in paragraph at lines 1063--1063
[]\OT1/cmtt/m/n/12 our A will alter these x that define a sphere S into a ellip
se of n dimensions with a major and minor axis (by rotating and stretch)[] 
 []


Overfull \hbox (174.5491pt too wide) in paragraph at lines 1064--1064
[]\OT1/cmtt/m/n/12 we can break up these new x into a sigma*mu where mu is a di
rectional vector and sigma is the variance[] 
 []


Overfull \hbox (75.74905pt too wide) in paragraph at lines 1065--1065
[]\OT1/cmtt/m/n/12 so in the AV=UE, V is a rotation, U is a rotation (also call
ed unitary transformation)[] 
 []


Overfull \hbox (575.9243pt too wide) in paragraph at lines 1066--1066
[]\OT1/cmtt/m/n/12 A=UEV^T is called the reduced singular value decomp. Says th
at to get correct rotations and stretching of our A, we say is this combination
 of stretching and rotations[] 
 []


Overfull \hbox (44.87404pt too wide) in paragraph at lines 1077--1077
[]\OT1/cmtt/m/n/12 so gradient over space is the transformation library for our
 data at a time steps[] 
 []


Overfull \hbox (260.99915pt too wide) in paragraph at lines 1086--1086
[]\OT1/cmtt/m/n/12 #for time delay imbedding https://stackoverflow.com/question
s/48967169/time-delay-embedding-of-time-series-in-python[] 
 []

[28] [29] [30] [31]
Package atveryend Info: Empty hook `BeforeClearDocument' on input line 1243.
 [32]
Package atveryend Info: Empty hook `AfterLastShipout' on input line 1243.
 (./hw2Report.aux)
Package atveryend Info: Executing hook `AtVeryEndDocument' on input line 1243.
Package atveryend Info: Executing hook `AtEndAfterFileList' on input line 1243.

Package rerunfilecheck Info: File `hw2Report.out' has not changed.
(rerunfilecheck)             Checksum: 3841E1B88811C0879371C6A17B3AF429;884.
Package atveryend Info: Empty hook `AtVeryVeryEnd' on input line 1243.
 ) 
Here is how much of TeX's memory you used:
 8819 strings out of 492982
 131424 string characters out of 6134897
 327193 words of memory out of 5000000
 12153 multiletter control sequences out of 15000+600000
 18135 words of font info for 67 fonts, out of 8000000 for 9000
 1141 hyphenation exceptions out of 8191
 36i,14n,39p,861b,464s stack positions out of 5000i,500n,10000p,200000b,80000s
</usr/share/texlive/texmf-dist/fonts/type1/public/amsfonts/cm/cmbx12.pfb></us
r/share/texlive/texmf-dist/fonts/type1/public/amsfonts/cm/cmex10.pfb></usr/shar
e/texlive/texmf-dist/fonts/type1/public/amsfonts/cm/cmmi12.pfb></usr/share/texl
ive/texmf-dist/fonts/type1/public/amsfonts/cm/cmmi6.pfb></usr/share/texlive/tex
mf-dist/fonts/type1/public/amsfonts/cm/cmmi8.pfb></usr/share/texlive/texmf-dist
/fonts/type1/public/amsfonts/cm/cmr10.pfb></usr/share/texlive/texmf-dist/fonts/
type1/public/amsfonts/cm/cmr12.pfb></usr/share/texlive/texmf-dist/fonts/type1/p
ublic/amsfonts/cm/cmr17.pfb></usr/share/texlive/texmf-dist/fonts/type1/public/a
msfonts/cm/cmr6.pfb></usr/share/texlive/texmf-dist/fonts/type1/public/amsfonts/
cm/cmr8.pfb></usr/share/texlive/texmf-dist/fonts/type1/public/amsfonts/cm/cmsy1
0.pfb></usr/share/texlive/texmf-dist/fonts/type1/public/amsfonts/cm/cmsy8.pfb><
/usr/share/texlive/texmf-dist/fonts/type1/public/amsfonts/cm/cmti12.pfb></usr/s
hare/texlive/texmf-dist/fonts/type1/public/amsfonts/cm/cmtt12.pfb>
Output written on hw2Report.pdf (32 pages, 653828 bytes).
PDF statistics:
 334 PDF objects out of 1000 (max. 8388607)
 243 compressed objects within 3 object streams
 65 named destinations out of 1000 (max. 500000)
 221 words of extra memory for PDF output out of 10000 (max. 10000000)

